2026-02-23 01:20:15,396 - INFO - file_cache is only supported with oauth2client<4.0.0
2026-02-23 01:20:16,997 - INFO - Created markdown file for email 197564b2fd42244c
2026-02-23 01:20:16,998 - INFO - Processed email 197564b2fd42244c from Meta <security@account.meta.com>
2026-02-23 01:20:17,577 - INFO - Created markdown file for email 1948529c4b2efdeb
2026-02-23 01:20:17,577 - INFO - Processed email 1948529c4b2efdeb from Sanity <support@sanity.io>
2026-02-23 01:20:17,871 - INFO - Created markdown file for email 1941e399a97bb279
2026-02-23 01:20:17,871 - INFO - Processed email 1941e399a97bb279 from Sanity <support@sanity.io>
2026-02-23 01:20:18,343 - INFO - Created markdown file for email 17fd20e033794baa
2026-02-23 01:20:18,343 - INFO - Processed email 17fd20e033794baa from Facebook <security@facebookmail.com>
2026-02-23 01:20:18,704 - INFO - Created markdown file for email 17fb1343fc86aabf
2026-02-23 01:20:18,704 - INFO - Processed email 17fb1343fc86aabf from Facebook <security@facebookmail.com>
2026-02-23 01:20:19,061 - INFO - Created markdown file for email 17f9c9a73cd0865b
2026-02-23 01:20:19,061 - INFO - Processed email 17f9c9a73cd0865b from Facebook <security@facebookmail.com>
2026-02-23 01:20:19,387 - INFO - Created markdown file for email 17f65763c58db225
2026-02-23 01:20:19,387 - INFO - Processed email 17f65763c58db225 from "T.LY Link Shortener" <support@mg.tdotly.com>
2026-02-23 01:20:19,672 - INFO - Created markdown file for email 17f18baef2e4078f
2026-02-23 01:20:19,673 - INFO - Processed email 17f18baef2e4078f from Instagram <no-reply@mail.instagram.com>
2026-02-23 01:20:19,972 - INFO - Created markdown file for email 17d5157d42b842cd
2026-02-23 01:20:19,975 - INFO - Processed email 17d5157d42b842cd from John from Indeed <do-not-reply@indeed.com>
2026-02-23 01:20:21,246 - INFO - Created markdown file for email 17d51566db2c6852
2026-02-23 01:20:21,246 - INFO - Processed email 17d51566db2c6852 from John from Indeed <do-not-reply@indeed.com>
2026-02-23 01:20:21,541 - INFO - Created markdown file for email 179c1e46611e845f
2026-02-23 01:20:21,541 - INFO - Processed email 179c1e46611e845f from noreply@digiskills.pk
2026-02-23 01:20:21,838 - INFO - Created markdown file for email 176d70d660500247
2026-02-23 01:20:21,839 - INFO - Processed email 176d70d660500247 from HBL Human Resources <hr-hbl@invalidemail.com>
2026-02-23 01:20:22,306 - INFO - Created markdown file for email 17525e78a0ae40a3
2026-02-23 01:20:22,306 - INFO - Processed email 17525e78a0ae40a3 from Facebook <registration@facebookmail.com>
